Build started 31/05/2021 21:58:34.
Project "E:\Solangel\5to perìodo\Lenguaje de Programación IV\Evaluacion3\Evaluacion3\Evaluacion3.vcxproj" on node 2 (build target(s)).
InitializeBuildStatus:
  Creating "Debug\Evaluacion3.unsuccessfulbuild" because "AlwaysCreate" was specified.
GenerateTargetFrameworkMonikerAttribute:
Skipping target "GenerateTargetFrameworkMonikerAttribute" because all output files are up-to-date with respect to the input files.
ClCompile:
  All outputs are up-to-date.
  C:\Program Files\Microsoft Visual Studio 10.0\VC\bin\CL.exe /c /AI"C:\Program Files\Reference Assemblies\Microsoft\Framework\.NETFramework\v4.0" /Zi /clr:pure /nologo /W3 /WX- /Od /Oy- /D WIN32 /D _DEBUG /D _UNICODE /D UNICODE /EHa /MDd /GS /fp:precise /Zc:wchar_t /Zc:forScope /Yu"StdAfx.h" /Fp"Debug\Evaluacion3.pch" /Fo"Debug\\" /Fd"Debug\vc100.pdb" /TP /FU"C:\Program Files\Reference Assemblies\Microsoft\Framework\.NETFramework\v4.0\System.Core.dll" /FU"C:\Program Files\Reference Assemblies\Microsoft\Framework\.NETFramework\v4.0\System.Data.dll" /FU"C:\Program Files\Reference Assemblies\Microsoft\Framework\.NETFramework\v4.0\System.dll" /FU"C:\Program Files\Reference Assemblies\Microsoft\Framework\.NETFramework\v4.0\System.Drawing.dll" /FU"C:\Program Files\Reference Assemblies\Microsoft\Framework\.NETFramework\v4.0\System.Windows.Forms.dll" /FU"C:\Program Files\Reference Assemblies\Microsoft\Framework\.NETFramework\v4.0\System.Xml.dll" /analyze- /errorReport:prompt Evaluacion3.cpp /clr:nostdlib 
  Evaluacion3.cpp
  All outputs are up-to-date.
CoreResGen:
  "C:\Program Files\Microsoft SDKs\Windows\v7.0A\bin\NETFX 4.0 Tools\resgen.exe" /useSourcePath /r:"C:\Program Files\Reference Assemblies\Microsoft\Framework\.NETFramework\v4.0\System.Core.dll" /r:"C:\Program Files\Reference Assemblies\Microsoft\Framework\.NETFramework\v4.0\System.Data.dll" /r:"C:\Program Files\Reference Assemblies\Microsoft\Framework\.NETFramework\v4.0\System.dll" /r:"C:\Program Files\Reference Assemblies\Microsoft\Framework\.NETFramework\v4.0\System.Drawing.dll" /r:"C:\Program Files\Reference Assemblies\Microsoft\Framework\.NETFramework\v4.0\System.Windows.Forms.dll" /r:"C:\Program Files\Reference Assemblies\Microsoft\Framework\.NETFramework\v4.0\System.Xml.dll" /compile Form1.resX,Debug\Evaluacion3.Form1.resources
  Processing resource file "Form1.resX" into "Debug\Evaluacion3.Form1.resources".
ResourceCompile:
  All outputs are up-to-date.
Link:
  C:\Program Files\Microsoft Visual Studio 10.0\VC\bin\link.exe /ERRORREPORT:PROMPT /OUT:"E:\Solangel\5to perìodo\Lenguaje de Programación IV\Evaluacion3\Debug\Evaluacion3.exe" /INCREMENTAL /NOLOGO /ASSEMBLYRESOURCE:Debug\Evaluacion3.Form1.resources /ASSEMBLYRESOURCE:Debug\Evaluacion3.Form2.resources /MANIFEST /ManifestFile:"Debug\Evaluacion3.exe.intermediate.manifest" /MANIFESTUAC:"level='asInvoker' uiAccess='false'" /DEBUG /PDB:"E:\Solangel\5to perìodo\Lenguaje de Programación IV\Evaluacion3\Debug\Evaluacion3.pdb" /ASSEMBLYDEBUG /SUBSYSTEM:WINDOWS /TLBID:1 /ENTRY:"main" /DYNAMICBASE /FIXED:NO /NXCOMPAT /MACHINE:X86 Debug\app.res
  Debug\AssemblyInfo.obj
  Debug\Evaluacion3.obj
  Debug\Form1.obj
  Debug\stdafx.obj
  "Debug\.NETFramework,Version=v4.0.AssemblyAttributes.obj"
  Evaluacion3.vcxproj -> E:\Solangel\5to perìodo\Lenguaje de Programación IV\Evaluacion3\Debug\Evaluacion3.exe
Manifest:
  C:\Program Files\Microsoft SDKs\Windows\v7.0A\bin\mt.exe /nologo /verbose /outputresource:"E:\Solangel\5to perìodo\Lenguaje de Programación IV\Evaluacion3\Debug\Evaluacion3.exe;#1" /manifest Debug\Evaluacion3.exe.intermediate.manifest
FinalizeBuildStatus:
  Deleting file "Debug\Evaluacion3.unsuccessfulbuild".
  Touching "Debug\Evaluacion3.lastbuildstate".
Done Building Project "E:\Solangel\5to perìodo\Lenguaje de Programación IV\Evaluacion3\Evaluacion3\Evaluacion3.vcxproj" (build target(s)).

Build succeeded.

Time Elapsed 00:00:02.12
